#
# A fatal error has been detected by the Java Runtime Environment:
#
#  EXCEPTION_ACCESS_VIOLATION (0xc0000005) at pc=0x0000000075612868, pid=25268, tid=2064
#
# JRE version: Java(TM) SE Runtime Environment (8.0_60-b27) (build 1.8.0_60-b27)
# Java VM: Java HotSpot(TM) 64-Bit Server VM (25.60-b23 mixed mode windows-amd64 compressed oops)
# Problematic frame:
# C  [jdwp.dll+0x22868]
#
# Failed to write core dump. Minidumps are not enabled by default on client versions of Windows
#
# If you would like to submit a bug report, please visit:
#   http://bugreport.java.com/bugreport/crash.jsp
# The crash happened outside the Java Virtual Machine in native code.
# See problematic frame for where to report the bug.
#

---------------  T H R E A D  ---------------

Current thread (0x0000000019ac4000):  JavaThread "JDWP Command Reader" daemon [_thread_in_native, id=2064, stack(0x000000001a420000,0x000000001a520000)]

siginfo: ExceptionCode=0xc0000005, reading address 0x0000000000000000

Registers:
RAX=0x000000007561f5a0, RBX=0x000000000000000c, RCX=0x0000000000000000, RDX=0x0000000000000028
RSP=0x000000001a51f560, RBP=0x00000000756191a8, RSI=0x0000000000000004, RDI=0x00000000755e33c0
R8 =0x000000001a51f5c8, R9 =0x7efefefefefeff6b, R10=0x81010101010100f8, R11=0x8101010101010100
R12=0x0000000019ac4ab0, R13=0x0000000019ac4e88, R14=0x0000000000000000, R15=0x0000000075619198
RIP=0x0000000075612868, EFLAGS=0x0000000000010206

Top of Stack: (sp=0x000000001a51f560)
0x000000001a51f560:   000000001a51f5e0 0000000000012017
0x000000001a51f570:   000000001a51f5a8 0000000000000018
0x000000001a51f580:   0000000000000000 00000000755e23c0
0x000000001a51f590:   c000012000002714 0000000000000000
0x000000001a51f5a0:   000000001a51f5e0 000000001a51f698
0x000000001a51f5b0:   00000000755e33c0 00000000755e108e
0x000000001a51f5c0:   000000000000000c 0000000000f52f10
0x000000001a51f5d0:   0000000000000004 00007ffc8b2b70a0
0x000000001a51f5e0:   7075727265746e49 636e756620646574
0x000000001a51f5f0:   6c6163206e6f6974 000000000000006c
0x000000001a51f600:   0000000075619198 0000000000000000
0x000000001a51f610:   00000c3ae7426897 0000000019ac4ab0
0x000000001a51f620:   0000000000000448 00007ffc88cb9711
0x000000001a51f630:   0000000000002714 0000000000f28400
0x000000001a51f640:   0000000000000004 000000001a51f684
0x000000001a51f650:   000000001a51f6e8 0000000000000000 

Instructions: (pc=0x0000000075612868)
0x0000000075612848:   83 ec 50 48 63 d1 85 c9 75 07 33 c0 e9 84 00 00
0x0000000075612858:   00 48 8b 05 88 d4 00 00 4c 8d 44 24 68 48 8b 08
0x0000000075612868:   48 8b 01 ff 90 68 01 00 00 8b f8 85 c0 74 61 8b
0x0000000075612878:   c8 e8 72 ca fe ff 48 8b d8 ff 15 a9 49 00 00 c7 


Register to memory mapping:

RAX=0x000000007561f5a0 is an unknown value
RBX=0x000000000000000c is an unknown value
RCX=0x0000000000000000 is an unknown value
RDX=0x0000000000000028 is an unknown value
RSP=0x000000001a51f560 is pointing into the stack for thread: 0x0000000019ac4000
RBP=0x00000000756191a8 is an unknown value
RSI=0x0000000000000004 is an unknown value
RDI=0x00000000755e33c0 is an unknown value
R8 =0x000000001a51f5c8 is pointing into the stack for thread: 0x0000000019ac4000
R9 =0x7efefefefefeff6b is an unknown value
R10=0x81010101010100f8 is an unknown value
R11=0x8101010101010100 is an unknown value
R12=0x0000000019ac4ab0 is an unknown value
R13=0x0000000019ac4e88 is an unknown value
R14=0x0000000000000000 is an unknown value
R15=0x0000000075619198 is an unknown value


Stack: [0x000000001a420000,0x000000001a520000],  sp=0x000000001a51f560,  free space=1021k
Native frames: (J=compiled Java code, j=interpreted, Vv=VM code, C=native code)
C  [jdwp.dll+0x22868]
C  [dt_socket.dll+0x108e]
C  [dt_socket.dll+0x15f6]
C  [jdwp.dll+0x1fa11]
C  [jdwp.dll+0xecf6]
V  [jvm.dll+0x1bb8e8]
V  [jvm.dll+0x243134]
V  [jvm.dll+0x299f6a]
C  [msvcr100.dll+0x21d9f]
C  [msvcr100.dll+0x21e3b]
C  [KERNEL32.DLL+0x13034]
C  [ntdll.dll+0x71431]


---------------  P R O C E S S  ---------------

Java Threads: ( => current thread )
  0x0000000022810000 JavaThread "Tomcat-startStop-2" daemon [_thread_blocked, id=20180, stack(0x0000000025980000,0x0000000025a80000)]
  0x000000002280f800 JavaThread "JMX server connection timeout 83" daemon [_thread_blocked, id=23368, stack(0x0000000025880000,0x0000000025980000)]
  0x000000002280e800 JavaThread "RMI TCP Connection(37)-127.0.0.1" daemon [_thread_in_native, id=25244, stack(0x0000000025780000,0x0000000025880000)]
  0x0000000022812800 JavaThread "RMI TCP Connection(36)-127.0.0.1" daemon [_thread_in_native, id=15928, stack(0x0000000024c80000,0x0000000024d80000)]
  0x0000000022804000 JavaThread "http-nio-9001-AsyncTimeout" daemon [_thread_blocked, id=18604, stack(0x0000000024580000,0x0000000024680000)]
  0x0000000022804800 JavaThread "http-nio-9001-Acceptor-0" daemon [_thread_blocked, id=21696, stack(0x0000000024480000,0x0000000024580000)]
  0x000000001beda000 JavaThread "Abandoned connection cleanup thread" daemon [_thread_blocked, id=21508, stack(0x000000001fcb0000,0x000000001fdb0000)]
  0x000000001b72b800 JavaThread "JMX server connection timeout 20" daemon [_thread_blocked, id=24712, stack(0x000000001caa0000,0x000000001cba0000)]
  0x000000001b71d000 JavaThread "RMI Scheduler(0)" daemon [_thread_blocked, id=18560, stack(0x000000001c8a0000,0x000000001c9a0000)]
  0x000000001af40800 JavaThread "RMI TCP Accept-0" daemon [_thread_in_native, id=18112, stack(0x000000001b320000,0x000000001b420000)]
  0x000000001af2d000 JavaThread "RMI TCP Accept-64783" daemon [_thread_in_native, id=20624, stack(0x000000001b220000,0x000000001b320000)]
  0x000000001af21000 JavaThread "RMI TCP Accept-0" daemon [_thread_in_native, id=17916, stack(0x000000001b120000,0x000000001b220000)]
  0x0000000019b6f000 JavaThread "Service Thread" daemon [_thread_blocked, id=8088, stack(0x000000001a820000,0x000000001a920000)]
  0x0000000019ae7800 JavaThread "C1 CompilerThread2" daemon [_thread_blocked, id=25076, stack(0x000000001a720000,0x000000001a820000)]
  0x0000000019ae0000 JavaThread "C2 CompilerThread1" daemon [_thread_blocked, id=7636, stack(0x000000001a620000,0x000000001a720000)]
  0x0000000019ad5800 JavaThread "C2 CompilerThread0" daemon [_thread_blocked, id=22948, stack(0x000000001a520000,0x000000001a620000)]
=>0x0000000019ac4000 JavaThread "JDWP Command Reader" daemon [_thread_in_native, id=2064, stack(0x000000001a420000,0x000000001a520000)]
  0x0000000019ac2800 JavaThread "JDWP Event Helper Thread" daemon [_thread_blocked, id=23140, stack(0x000000001a320000,0x000000001a420000)]
  0x000000001809e800 JavaThread "JDWP Transport Listener: dt_socket" daemon [_thread_blocked, id=3928, stack(0x000000001a220000,0x000000001a320000)]
  0x0000000019a6a000 JavaThread "Attach Listener" daemon [_thread_blocked, id=9564, stack(0x0000000019f60000,0x000000001a060000)]
  0x0000000019a69800 JavaThread "Signal Dispatcher" daemon [_thread_blocked, id=23856, stack(0x0000000019e60000,0x0000000019f60000)]
  0x000000000339a000 JavaThread "Finalizer" daemon [_thread_blocked, id=8948, stack(0x0000000019900000,0x0000000019a00000)]
  0x000000001804b800 JavaThread "Reference Handler" daemon [_thread_blocked, id=23944, stack(0x0000000019800000,0x0000000019900000)]

Other Threads:
  0x0000000018047800 VMThread [stack: 0x0000000019700000,0x0000000019800000] [id=24736]

VM state:at safepoint (normal execution)

VM Mutex/Monitor currently owned by a thread:  ([mutex/lock_event])
[0x00000000032a5f40] Threads_lock - owner thread: 0x0000000018047800
[0x00000000032a6b40] Heap_lock - owner thread: 0x000000002280e000

Heap:
 PSYoungGen      total 627200K, used 139074K [0x00000000d6300000, 0x0000000100000000, 0x0000000100000000)
  eden space 569344K, 19% used [0x00000000d6300000,0x00000000dd173368,0x00000000f8f00000)
  from space 57856K, 44% used [0x00000000f8f00000,0x00000000fa85d498,0x00000000fc780000)
  to   space 55808K, 0% used [0x00000000fc980000,0x00000000fc980000,0x0000000100000000)
 ParOldGen       total 121856K, used 67696K [0x0000000082800000, 0x0000000089f00000, 0x00000000d6300000)
  object space 121856K, 55% used [0x0000000082800000,0x0000000086a1c0e8,0x0000000089f00000)
 Metaspace       used 69978K, capacity 70930K, committed 71424K, reserved 1112064K
  class space    used 9132K, capacity 9361K, committed 9472K, reserved 1048576K

Card table byte_map: [0x0000000012760000,0x0000000012b50000] byte_map_base: 0x000000001234c000

Marking Bits: (ParMarkBitMap*) 0x0000000075e5a5b0
 Begin Bits: [0x00000000133f0000, 0x0000000015350000)
 End Bits:   [0x0000000015350000, 0x00000000172b0000)

Polling page: 0x0000000000ef0000

CodeCache: size=245760Kb used=14984Kb max_used=14984Kb free=230775Kb
 bounds [0x00000000033a0000, 0x0000000004250000, 0x00000000123a0000]
 total_blobs=8186 nmethods=7591 adapters=514
 compilation: enabled

Compilation events (10 events):
Event: 1439.705 Thread 0x0000000019ae7800 7766       1       java.util.IdentityHashMap::keySet (26 bytes)
Event: 1439.705 Thread 0x0000000019ae7800 nmethod 7766 0x0000000004246510 code [0x0000000004246660, 0x0000000004246810]
Event: 1439.705 Thread 0x0000000019ae7800 7769       1       java.util.logging.LogManager$LoggerContext::getRootLogger (8 bytes)
Event: 1439.705 Thread 0x0000000019ae7800 nmethod 7769 0x00000000042468d0 code [0x0000000004246a20, 0x0000000004246b30]
Event: 1439.707 Thread 0x0000000019ae7800 7770       1       java.util.logging.LogManager$LoggerContext::getGlobalLogger (6 bytes)
Event: 1439.707 Thread 0x0000000019ae7800 nmethod 7770 0x0000000004246bd0 code [0x0000000004246d20, 0x0000000004246e30]
Event: 1439.707 Thread 0x0000000019ae7800 7767       1       java.util.IdentityHashMap$KeySet::<init> (6 bytes)
Event: 1439.707 Thread 0x0000000019ae7800 nmethod 7767 0x0000000004246e90 code [0x0000000004246fe0, 0x0000000004247110]
Event: 1439.708 Thread 0x0000000019ae7800 7768       1       java.util.IdentityHashMap$KeySet::<init> (10 bytes)
Event: 1439.708 Thread 0x0000000019ae7800 nmethod 7768 0x0000000004247190 code [0x00000000042472e0, 0x0000000004247410]

GC Heap History (10 events):
Event: 9.770 GC heap before
{Heap before GC invocations=18 (full 2):
 PSYoungGen      total 460288K, used 55115K [0x00000000d6300000, 0x00000000fed00000, 0x0000000100000000)
  eden space 425984K, 6% used [0x00000000d6300000,0x00000000d7c19140,0x00000000f0300000)
  from space 34304K, 85% used [0x00000000f0300000,0x00000000f1fb9d60,0x00000000f2480000)
  to   space 37888K, 0% used [0x00000000fc800000,0x00000000fc800000,0x00000000fed00000)
 ParOldGen       total 119808K, used 51717K [0x0000000082800000, 0x0000000089d00000, 0x00000000d6300000)
  object space 119808K, 43% used [0x0000000082800000,0x0000000085a817a8,0x0000000089d00000)
 Metaspace       used 47847K, capacity 48334K, committed 48640K, reserved 1091584K
  class space    used 6127K, capacity 6246K, committed 6272K, reserved 1048576K
Event: 9.780 GC heap after
Heap after GC invocations=18 (full 2):
 PSYoungGen      total 627200K, used 822K [0x00000000d6300000, 0x0000000100000000, 0x0000000100000000)
  eden space 589312K, 0% used [0x00000000d6300000,0x00000000d6300000,0x00000000fa280000)
  from space 37888K, 2% used [0x00000000fc800000,0x00000000fc8cdab0,0x00000000fed00000)
  to   space 38400K, 0% used [0x00000000fa280000,0x00000000fa280000,0x00000000fc800000)
 ParOldGen       total 119808K, used 70331K [0x0000000082800000, 0x0000000089d00000, 0x00000000d6300000)
  object space 119808K, 58% used [0x0000000082800000,0x0000000086caedc0,0x0000000089d00000)
 Metaspace       used 47847K, capacity 48334K, committed 48640K, reserved 1091584K
  class space    used 6127K, capacity 6246K, committed 6272K, reserved 1048576K
}
Event: 9.780 GC heap before
{Heap before GC invocations=19 (full 3):
 PSYoungGen      total 627200K, used 822K [0x00000000d6300000, 0x0000000100000000, 0x0000000100000000)
  eden space 589312K, 0% used [0x00000000d6300000,0x00000000d6300000,0x00000000fa280000)
  from space 37888K, 2% used [0x00000000fc800000,0x00000000fc8cdab0,0x00000000fed00000)
  to   space 38400K, 0% used [0x00000000fa280000,0x00000000fa280000,0x00000000fc800000)
 ParOldGen       total 119808K, used 70331K [0x0000000082800000, 0x0000000089d00000, 0x00000000d6300000)
  object space 119808K, 58% used [0x0000000082800000,0x0000000086caedc0,0x0000000089d00000)
 Metaspace       used 47847K, capacity 48334K, committed 48640K, reserved 1091584K
  class space    used 6127K, capacity 6246K, committed 6272K, reserved 1048576K
Event: 9.928 GC heap after
Heap after GC invocations=19 (full 3):
 PSYoungGen      total 627200K, used 0K [0x00000000d6300000, 0x0000000100000000, 0x0000000100000000)
  eden space 589312K, 0% used [0x00000000d6300000,0x00000000d6300000,0x00000000fa280000)
  from space 37888K, 0% used [0x00000000fc800000,0x00000000fc800000,0x00000000fed00000)
  to   space 38400K, 0% used [0x00000000fa280000,0x00000000fa280000,0x00000000fc800000)
 ParOldGen       total 121856K, used 34599K [0x0000000082800000, 0x0000000089f00000, 0x00000000d6300000)
  object space 121856K, 28% used [0x0000000082800000,0x00000000849c9db8,0x0000000089f00000)
 Metaspace       used 47847K, capacity 48334K, committed 48640K, reserved 1091584K
  class space    used 6127K, capacity 6246K, committed 6272K, reserved 1048576K
}
Event: 12.970 GC heap before
{Heap before GC invocations=20 (full 3):
 PSYoungGen      total 627200K, used 589312K [0x00000000d6300000, 0x0000000100000000, 0x0000000100000000)
  eden space 589312K, 100% used [0x00000000d6300000,0x00000000fa280000,0x00000000fa280000)
  from space 37888K, 0% used [0x00000000fc800000,0x00000000fc800000,0x00000000fed00000)
  to   space 38400K, 0% used [0x00000000fa280000,0x00000000fa280000,0x00000000fc800000)
 ParOldGen       total 121856K, used 34599K [0x0000000082800000, 0x0000000089f00000, 0x00000000d6300000)
  object space 121856K, 28% used [0x0000000082800000,0x00000000849c9db8,0x0000000089f00000)
 Metaspace       used 58589K, capacity 59372K, committed 59648K, reserved 1101824K
  class space    used 7618K, capacity 7826K, committed 7936K, reserved 1048576K
Event: 12.985 GC heap after
Heap after GC invocations=20 (full 3):
 PSYoungGen      total 627712K, used 25967K [0x00000000d6300000, 0x0000000100000000, 0x0000000100000000)
  eden space 589312K, 0% used [0x00000000d6300000,0x00000000d6300000,0x00000000fa280000)
  from space 38400K, 67% used [0x00000000fa280000,0x00000000fbbdbcc8,0x00000000fc800000)
  to   space 39936K, 0% used [0x00000000fd900000,0x00000000fd900000,0x0000000100000000)
 ParOldGen       total 121856K, used 34607K [0x0000000082800000, 0x0000000089f00000, 0x00000000d6300000)
  object space 121856K, 28% used [0x0000000082800000,0x00000000849cbdb8,0x0000000089f00000)
 Metaspace       used 58589K, capacity 59372K, committed 59648K, reserved 1101824K
  class space    used 7618K, capacity 7826K, committed 7936K, reserved 1048576K
}
Event: 14.574 GC heap before
{Heap before GC invocations=21 (full 3):
 PSYoungGen      total 627712K, used 615279K [0x00000000d6300000, 0x0000000100000000, 0x0000000100000000)
  eden space 589312K, 100% used [0x00000000d6300000,0x00000000fa280000,0x00000000fa280000)
  from space 38400K, 67% used [0x00000000fa280000,0x00000000fbbdbcc8,0x00000000fc800000)
  to   space 39936K, 0% used [0x00000000fd900000,0x00000000fd900000,0x0000000100000000)
 ParOldGen       total 121856K, used 34607K [0x0000000082800000, 0x0000000089f00000, 0x00000000d6300000)
  object space 121856K, 28% used [0x0000000082800000,0x00000000849cbdb8,0x0000000089f00000)
 Metaspace       used 59626K, capacity 60344K, committed 60800K, reserved 1101824K
  class space    used 7753K, capacity 7956K, committed 8064K, reserved 1048576K
Event: 14.611 GC heap after
Heap after GC invocations=21 (full 3):
 PSYoungGen      total 609280K, used 39909K [0x00000000d6300000, 0x0000000100000000, 0x0000000100000000)
  eden space 569344K, 0% used [0x00000000d6300000,0x00000000d6300000,0x00000000f8f00000)
  from space 39936K, 99% used [0x00000000fd900000,0x00000000ffff9438,0x0000000100000000)
  to   space 57856K, 0% used [0x00000000f8f00000,0x00000000f8f00000,0x00000000fc780000)
 ParOldGen       total 121856K, used 65024K [0x0000000082800000, 0x0000000089f00000, 0x00000000d6300000)
  object space 121856K, 53% used [0x0000000082800000,0x0000000086780038,0x0000000089f00000)
 Metaspace       used 59626K, capacity 60344K, committed 60800K, reserved 1101824K
  class space    used 7753K, capacity 7956K, committed 8064K, reserved 1048576K
}
Event: 46.821 GC heap before
{Heap before GC invocations=22 (full 3):
 PSYoungGen      total 609280K, used 609253K [0x00000000d6300000, 0x0000000100000000, 0x0000000100000000)
  eden space 569344K, 100% used [0x00000000d6300000,0x00000000f8f00000,0x00000000f8f00000)
  from space 39936K, 99% used [0x00000000fd900000,0x00000000ffff9438,0x0000000100000000)
  to   space 57856K, 0% used [0x00000000f8f00000,0x00000000f8f00000,0x00000000fc780000)
 ParOldGen       total 121856K, used 65024K [0x0000000082800000, 0x0000000089f00000, 0x00000000d6300000)
  object space 121856K, 53% used [0x0000000082800000,0x0000000086780038,0x0000000089f00000)
 Metaspace       used 68422K, capacity 69320K, committed 69632K, reserved 1110016K
  class space    used 8925K, capacity 9129K, committed 9216K, reserved 1048576K
Event: 46.836 GC heap after
Heap after GC invocations=22 (full 3):
 PSYoungGen      total 627200K, used 25973K [0x00000000d6300000, 0x0000000100000000, 0x0000000100000000)
  eden space 569344K, 0% used [0x00000000d6300000,0x00000000d6300000,0x00000000f8f00000)
  from space 57856K, 44% used [0x00000000f8f00000,0x00000000fa85d498,0x00000000fc780000)
  to   space 55808K, 0% used [0x00000000fc980000,0x00000000fc980000,0x0000000100000000)
 ParOldGen       total 121856K, used 67696K [0x0000000082800000, 0x0000000089f00000, 0x00000000d6300000)
  object space 121856K, 55% used [0x0000000082800000,0x0000000086a1c0e8,0x0000000089f00000)
 Metaspace       used 68422K, capacity 69320K, committed 69632K, reserved 1110016K
  class space    used 8925K, capacity 9129K, committed 9216K, reserved 1048576K
}

Deoptimization events (0 events):
No events

Internal exceptions (10 events):
Event: 1247.151 Thread 0x0000000022813000 Exception <a 'java/net/SocketTimeoutException': Read timed out> (0x00000000dad09b40) thrown at [C:\re\workspace\8-2-build-windows-amd64-cygwin\jdk8u60\4407\hotspot\src\share\vm\prims\jni.cpp, line 735]
Event: 1277.156 Thread 0x0000000022813000 Exception <a 'java/net/SocketTimeoutException': Read timed out> (0x00000000dad13dc8) thrown at [C:\re\workspace\8-2-build-windows-amd64-cygwin\jdk8u60\4407\hotspot\src\share\vm\prims\jni.cpp, line 735]
Event: 1307.163 Thread 0x0000000022813000 Exception <a 'java/net/SocketTimeoutException': Read timed out> (0x00000000dad1e050) thrown at [C:\re\workspace\8-2-build-windows-amd64-cygwin\jdk8u60\4407\hotspot\src\share\vm\prims\jni.cpp, line 735]
Event: 1337.169 Thread 0x0000000022813000 Exception <a 'java/net/SocketTimeoutException': Read timed out> (0x00000000dad282d8) thrown at [C:\re\workspace\8-2-build-windows-amd64-cygwin\jdk8u60\4407\hotspot\src\share\vm\prims\jni.cpp, line 735]
Event: 1367.175 Thread 0x0000000022813000 Exception <a 'java/net/SocketTimeoutException': Read timed out> (0x00000000dad32560) thrown at [C:\re\workspace\8-2-build-windows-amd64-cygwin\jdk8u60\4407\hotspot\src\share\vm\prims\jni.cpp, line 735]
Event: 1397.180 Thread 0x0000000022813000 Exception <a 'java/net/SocketTimeoutException': Read timed out> (0x00000000dad463c0) thrown at [C:\re\workspace\8-2-build-windows-amd64-cygwin\jdk8u60\4407\hotspot\src\share\vm\prims\jni.cpp, line 735]
Event: 1427.185 Thread 0x0000000022813000 Exception <a 'java/net/SocketTimeoutException': Read timed out> (0x00000000dad50648) thrown at [C:\re\workspace\8-2-build-windows-amd64-cygwin\jdk8u60\4407\hotspot\src\share\vm\prims\jni.cpp, line 735]
Event: 1439.423 Thread 0x000000001e508800 Exception <a 'java/net/SocketTimeoutException': Read timed out> (0x00000000d69b7a88) thrown at [C:\re\workspace\8-2-build-windows-amd64-cygwin\jdk8u60\4407\hotspot\src\share\vm\prims\jni.cpp, line 735]
Event: 1439.682 Thread 0x000000001bed7800 Exception <a 'java/lang/InterruptedException': sleep interrupted> (0x00000000d741fcf8) thrown at [C:\re\workspace\8-2-build-windows-amd64-cygwin\jdk8u60\4407\hotspot\src\share\vm\prims\jvm.cpp, line 3215]
Event: 1439.703 Thread 0x000000001bed8800 Exception <a 'java/lang/InterruptedException': sleep interrupted> (0x00000000dccb3dc8) thrown at [C:\re\workspace\8-2-build-windows-amd64-cygwin\jdk8u60\4407\hotspot\src\share\vm\prims\jvm.cpp, line 3215]

Events (10 events):
Event: 1439.706 Executing VM operation: RevokeBias
Event: 1439.706 Executing VM operation: RevokeBias done
Event: 1439.707 Thread 0x0000000022811000 Thread exited: 0x0000000022811000
Event: 1439.708 Thread 0x0000000022810000 DEOPT PACKING pc=0x00000000041a237c sp=0x0000000025a7ec00
Event: 1439.708 Thread 0x0000000022810000 DEOPT UNPACKING pc=0x00000000033e787f sp=0x0000000025a7e978 mode 1
Event: 1439.708 Thread 0x0000000022810000 DEOPT PACKING pc=0x0000000003aba7dc sp=0x0000000025a7edf0
Event: 1439.708 Thread 0x0000000022810000 DEOPT UNPACKING pc=0x00000000033e787f sp=0x0000000025a7eb90 mode 1
Event: 1439.708 Executing VM operation: RevokeBias
Event: 1439.709 Executing VM operation: RevokeBias done
Event: 1439.709 Thread 0x000000002280e000 Thread exited: 0x000000002280e000


Dynamic libraries:
0x00007ff7161a0000 - 0x00007ff7161d7000 	C:\Program Files\Java\jdk1.8.0_60\bin\javaw.exe
0x00007ffc8b270000 - 0x00007ffc8b451000 	C:\Windows\SYSTEM32\ntdll.dll
0x00007ffc88d50000 - 0x00007ffc88e02000 	C:\Windows\System32\KERNEL32.DLL
0x00007ffc87ff0000 - 0x00007ffc88263000 	C:\Windows\System32\KERNELBASE.dll
0x00007ffc8ad40000 - 0x00007ffc8ade1000 	C:\Windows\System32\ADVAPI32.dll
0x00007ffc8a700000 - 0x00007ffc8a79e000 	C:\Windows\System32\msvcrt.dll
0x00007ffc88700000 - 0x00007ffc8875b000 	C:\Windows\System32\sechost.dll
0x00007ffc8a5d0000 - 0x00007ffc8a6f4000 	C:\Windows\System32\RPCRT4.dll
0x00007ffc8a930000 - 0x00007ffc8aac0000 	C:\Windows\System32\USER32.dll
0x00007ffc87640000 - 0x00007ffc87660000 	C:\Windows\System32\win32u.dll
0x00007ffc88d20000 - 0x00007ffc88d48000 	C:\Windows\System32\GDI32.dll
0x00007ffc88310000 - 0x00007ffc884a2000 	C:\Windows\System32\gdi32full.dll
0x00007ffc88270000 - 0x00007ffc8830f000 	C:\Windows\System32\msvcp_win.dll
0x00007ffc87ef0000 - 0x00007ffc87fea000 	C:\Windows\System32\ucrtbase.dll
0x00007ffc7c9c0000 - 0x00007ffc7cc29000 	C:\Windows\WinSxS\amd64_microsoft.windows.common-controls_6595b64144ccf1df_6.0.17134.228_none_fb4599993062b194\COMCTL32.dll
0x00007ffc8ae90000 - 0x00007ffc8b1b3000 	C:\Windows\System32\combase.dll
0x00007ffc87dc0000 - 0x00007ffc87e3a000 	C:\Windows\System32\bcryptPrimitives.dll
0x00007ffc88c80000 - 0x00007ffc88cad000 	C:\Windows\System32\IMM32.DLL
0x0000000077850000 - 0x0000000077922000 	C:\Program Files\Java\jdk1.8.0_60\jre\bin\msvcr100.dll
0x0000000075650000 - 0x0000000075ed9000 	C:\Program Files\Java\jdk1.8.0_60\jre\bin\server\jvm.dll
0x00007ffc8aac0000 - 0x00007ffc8aac8000 	C:\Windows\System32\PSAPI.DLL
0x00007ffc84020000 - 0x00007ffc84043000 	C:\Windows\SYSTEM32\WINMM.dll
0x00007ffc789a0000 - 0x00007ffc789a9000 	C:\Windows\SYSTEM32\WSOCK32.dll
0x00007ffc80ef0000 - 0x00007ffc80efa000 	C:\Windows\SYSTEM32\VERSION.dll
0x00007ffc88cb0000 - 0x00007ffc88d1c000 	C:\Windows\System32\WS2_32.dll
0x00007ffc83ff0000 - 0x00007ffc8401a000 	C:\Windows\SYSTEM32\winmmbase.dll
0x00007ffc87660000 - 0x00007ffc876a9000 	C:\Windows\System32\cfgmgr32.dll
0x0000000077840000 - 0x000000007784f000 	C:\Program Files\Java\jdk1.8.0_60\jre\bin\verify.dll
0x0000000077810000 - 0x0000000077839000 	C:\Program Files\Java\jdk1.8.0_60\jre\bin\java.dll
0x00000000755f0000 - 0x0000000075625000 	C:\Program Files\Java\jdk1.8.0_60\jre\bin\jdwp.dll
0x0000000077640000 - 0x0000000077648000 	C:\Program Files\Java\jdk1.8.0_60\jre\bin\npt.dll
0x00000000777f0000 - 0x0000000077806000 	C:\Program Files\Java\jdk1.8.0_60\jre\bin\zip.dll
0x00007ffc89170000 - 0x00007ffc8a5b0000 	C:\Windows\System32\SHELL32.dll
0x00007ffc8aad0000 - 0x00007ffc8ab79000 	C:\Windows\System32\shcore.dll
0x00007ffc876b0000 - 0x00007ffc87dbd000 	C:\Windows\System32\windows.storage.dll
0x00007ffc8ab80000 - 0x00007ffc8abd1000 	C:\Windows\System32\shlwapi.dll
0x00007ffc87600000 - 0x00007ffc87611000 	C:\Windows\System32\kernel.appcore.dll
0x00007ffc875e0000 - 0x00007ffc875ff000 	C:\Windows\System32\profapi.dll
0x00007ffc87590000 - 0x00007ffc875dc000 	C:\Windows\System32\powrprof.dll
0x00007ffc87580000 - 0x00007ffc8758a000 	C:\Windows\System32\FLTLIB.DLL
0x00000000755e0000 - 0x00000000755e9000 	C:\Program Files\Java\jdk1.8.0_60\jre\bin\dt_socket.dll
0x00007ffc74950000 - 0x00007ffc7497f000 	C:\Program Files (x86)\Sangfor\SSL\ClientComponent\SangforNspX64.dll
0x00007ffc89010000 - 0x00007ffc89161000 	C:\Windows\System32\ole32.dll
0x00007ffc88760000 - 0x00007ffc88822000 	C:\Windows\System32\OLEAUT32.dll
0x00007ffc62ab0000 - 0x00007ffc62ac6000 	C:\Windows\system32\napinsp.dll
0x00007ffc62a90000 - 0x00007ffc62aaa000 	C:\Windows\system32\pnrpnsp.dll
0x00007ffc83cf0000 - 0x00007ffc83d09000 	C:\Windows\system32\NLAapi.dll
0x00007ffc86e00000 - 0x00007ffc86e66000 	C:\Windows\System32\mswsock.dll
0x00007ffc86bc0000 - 0x00007ffc86c7e000 	C:\Windows\SYSTEM32\DNSAPI.dll
0x00007ffc8a7a0000 - 0x00007ffc8a7a8000 	C:\Windows\System32\NSI.dll
0x00007ffc86b20000 - 0x00007ffc86b58000 	C:\Windows\SYSTEM32\IPHLPAPI.DLL
0x00007ffc6e450000 - 0x00007ffc6e45e000 	C:\Windows\System32\winrnr.dll
0x00007ffc68130000 - 0x00007ffc68145000 	C:\Windows\System32\wshbth.dll
0x00007ffc78e00000 - 0x00007ffc78f7b000 	C:\Program Files (x86)\Sangfor\SSL\ClientComponent\SangforTcpX64.dll
0x00007ffc884b0000 - 0x00007ffc88507000 	C:\Windows\System32\WINTRUST.dll
0x00007ffc87620000 - 0x00007ffc87632000 	C:\Windows\System32\MSASN1.dll
0x00007ffc88510000 - 0x00007ffc886f2000 	C:\Windows\System32\CRYPT32.dll
0x00007ffc7b430000 - 0x00007ffc7b4a2000 	C:\Windows\System32\fwpuclnt.dll
0x00007ffc870e0000 - 0x00007ffc87105000 	C:\Windows\SYSTEM32\bcrypt.dll
0x00007ffc7b280000 - 0x00007ffc7b28a000 	C:\Windows\System32\rasadhlp.dll
0x00000000777c0000 - 0x00000000777cd000 	C:\Program Files\Java\jdk1.8.0_60\jre\bin\management.dll
0x00000000777d0000 - 0x00000000777ea000 	C:\Program Files\Java\jdk1.8.0_60\jre\bin\net.dll
0x00000000777a0000 - 0x00000000777b1000 	C:\Program Files\Java\jdk1.8.0_60\jre\bin\nio.dll
0x00007ffc86fb0000 - 0x00007ffc86fc7000 	C:\Windows\SYSTEM32\CRYPTSP.dll
0x00007ffc86980000 - 0x00007ffc869b3000 	C:\Windows\system32\rsaenh.dll
0x00007ffc87480000 - 0x00007ffc874a8000 	C:\Windows\SYSTEM32\USERENV.dll
0x00007ffc86fd0000 - 0x00007ffc86fdb000 	C:\Windows\SYSTEM32\CRYPTBASE.dll
0x00007ffc81ea0000 - 0x00007ffc81eb6000 	C:\Windows\SYSTEM32\dhcpcsvc6.DLL
0x00007ffc816e0000 - 0x00007ffc816fa000 	C:\Windows\SYSTEM32\dhcpcsvc.DLL
0x0000000077770000 - 0x0000000077794000 	C:\Program Files\Java\jdk1.8.0_60\jre\bin\sunec.dll
0x00007ffc75df0000 - 0x00007ffc75fb9000 	C:\Windows\SYSTEM32\dbghelp.dll

VM Arguments:
jvm_args: -agentlib:jdwp=transport=dt_socket,suspend=y,address=localhost:64784 -Dcom.sun.management.jmxremote -Dcom.sun.management.jmxremote.port=64783 -Dcom.sun.management.jmxremote.authenticate=false -Dcom.sun.management.jmxremote.ssl=false -Djava.rmi.server.hostname=localhost -Dspring.liveBeansView.mbeanDomain -Dspring.application.admin.enabled=true -Xverify:none -XX:TieredStopAtLevel=1 -Dfile.encoding=UTF-8 
java_command: com.BscApplication --spring.output.ansi.enabled=always
java_class_path (initial): C:\Program Files\Java\jdk1.8.0_60\jre\lib\resources.jar;C:\Program Files\Java\jdk1.8.0_60\jre\lib\rt.jar;C:\Program Files\Java\jdk1.8.0_60\jre\lib\jsse.jar;C:\Program Files\Java\jdk1.8.0_60\jre\lib\jce.jar;C:\Program Files\Java\jdk1.8.0_60\jre\lib\charsets.jar;C:\Program Files\Java\jdk1.8.0_60\jre\lib\jfr.jar;C:\Program Files\Java\jdk1.8.0_60\jre\lib\ext\access-bridge-64.jar;C:\Program Files\Java\jdk1.8.0_60\jre\lib\ext\cldrdata.jar;C:\Program Files\Java\jdk1.8.0_60\jre\lib\ext\dnsns.jar;C:\Program Files\Java\jdk1.8.0_60\jre\lib\ext\jaccess.jar;C:\Program Files\Java\jdk1.8.0_60\jre\lib\ext\jfxrt.jar;C:\Program Files\Java\jdk1.8.0_60\jre\lib\ext\localedata.jar;C:\Program Files\Java\jdk1.8.0_60\jre\lib\ext\nashorn.jar;C:\Program Files\Java\jdk1.8.0_60\jre\lib\ext\sunec.jar;C:\Program Files\Java\jdk1.8.0_60\jre\lib\ext\sunjce_provider.jar;C:\Program Files\Java\jdk1.8.0_60\jre\lib\ext\sunmscapi.jar;C:\Program Files\Java\jdk1.8.0_60\jre\lib\ext\sunpkcs11.jar;C:\Program Files\Java\jdk1.8.0_60\jre\lib\ext\zipfs.jar;E:\project\wuliu\container\target\classes;E:\project\wuliu\container\lib\pinyin4j-2.5.0.jar;E:\project\wuliu\mongo_support\target\classes;D:\m2\repository\org\springframework\data\spring-data-mongodb\1.10.12.RELEASE\spring-data-mongodb-1.10.12.RELEASE.jar;D:\m2\repository\org\springframework\spring-tx\4.3.17.RELEASE\spring-tx-4.3.17.RELEASE.jar;D:\m2\repository\org\springframework\spring-context\4.3.17.RELEASE\spring-context-4.3.17.RELEASE.jar;D:\m2\repository\org\springframework\spring-beans\4.3.17.RELEASE\spring-beans-4.3.17.RELEASE.jar;D:\m2\repository\org\springframework\spring-core\4.3.17.RELEASE\spring-core-4.3.17.RELEASE.jar;D:\m2\repository\org\springframework\spring-expression\4.3.17.RELEASE\spring-expression-4.3.17.RELEASE.jar;D:\m2\repository\org\springframework\data\spring-data-commons\1.13.12.RELEASE\spring-data-commons-1.13.12.RELEASE.jar;D:\m2\repository\org\mongodb\mongo-java-driver\3.4.3\mongo-java-driver-3.4.3.jar;D
Launcher Type: SUN_STANDARD

Environment Variables:
JAVA_HOME=C:\Program Files\Java\jdk1.8.0_60
PATH=C:\Program Files\Java\jdk1.8.0_60\jre\bin;C:/Program Files/Java/jre1.8.0_60/bin/server;C:/Program Files/Java/jre1.8.0_60/bin;C:/Program Files/Java/jre1.8.0_60/lib/amd64;C:\ProgramData\Oracle\Java\javapath;C:\Program Files\Python36\Scripts\;C:\Program Files\Python36\;C:\Program Files (x86)\Common Files\NetSarang;C:\Windows\system32;C:\Windows;C:\Windows\System32\Wbem;C:\Windows\System32\WindowsPowerShell\v1.0\;C:\Windows\System32\OpenSSH\;C:\Program Files\CMake\bin;C:\Windows\system32\config\systemprofile\.dnx\bin;C:\Program Files\Microsoft DNX\Dnvm\;C:\Program Files (x86)\Windows Kits\8.1\Windows Performance Toolkit\;C:\Program Files\Microsoft SQL Server\130\Tools\Binn\;D:\Program Files\ffmpeg\bin;C:\cygwin\bin;D:\Program Files\SlikSvn\bin;C:\Program Files\TortoiseSVN\bin;D:\Program Files\apache-maven-3.5.4\bin;C:\Users\Dustin\AppData\Local\Microsoft\WindowsApps;;D:\Program Files\sts-3.9.4.RELEASE;
USERNAME=Dustin
OS=Windows_NT
PROCESSOR_IDENTIFIER=Intel64 Family 6 Model 158 Stepping 10, GenuineIntel



---------------  S Y S T E M  ---------------

OS: Windows 10.0 , 64 bit Build 17134 (10.0.17134.1)

CPU:total 6 (6 cores per cpu, 1 threads per core) family 6 model 158 stepping 10, cmov, cx8, fxsr, mmx, sse, sse2, sse3, ssse3, sse4.1, sse4.2, popcnt, avx, avx2, aes, clmul, erms, 3dnowpref, lzcnt, tsc, tscinvbit, bmi1, bmi2, adx

Memory: 4k page, physical 8219024k(1297588k free), swap 19893716k(3081660k free)

vm_info: Java HotSpot(TM) 64-Bit Server VM (25.60-b23) for windows-amd64 JRE (1.8.0_60-b27), built on Aug  4 2015 11:06:27 by "java_re" with MS VC++ 10.0 (VS2010)

time: Wed Sep 05 12:53:16 2018
elapsed time: 1439 seconds (0d 0h 23m 59s)

